perluno/source/XS/Makefile.PL
perluno/source/XS/Changes
perluno/source/XS/MANIFEST
perluno/source/XS/lib/Perluno/Interface.pm
perluno/source/XS/t/01.t
perluno/source/XS/t/02.t
perluno/source/XS/t/03.t
perluno/source/XS/t/04.t
perluno/source/XS/t/05.t
perluno/source/XS/t/06.t
perluno/source/XS/t/07.t
perluno/source/XS/t/08.t
perluno/source/XS/t/09.t
perluno/source/XS/t/10.t
perluno/source/XS/t/11.t
perluno/source/XS/t/12.t
perluno/source/XS/t/13.t
perluno/source/XS/t/14.t
perluno/source/XS/Perluno.h
perluno/source/XS/Perluno.pm
perluno/source/XS/Perluno.xs
perluno/source/XS/README
perluno/source/XS/perluno
perluno/source/XS/ppport.h
perluno/source/XS/test1.sxw
perluno/source/XS/typemap
